<?xml version="1.0" encoding="utf-8" standalone="no"?>
<!--This file represents the results of running a test suite-->
<test-results name="C:\Users\Rojan\Documents\Visual Studio 2015\Projects\CodingInterview\OutDir\FizzBuzzUnitTest.dll" total="9" errors="0" failures="0" not-run="0" inconclusive="0" ignored="0" skipped="0" invalid="0" date="2016-03-07" time="22:22:29">
  <environment nunit-version="2.6.3.13283" clr-version="2.0.50727.8670" os-version="Microsoft Windows NT 6.2.9200.0" platform="Win32NT" cwd="C:\Users\Rojan\Documents\Visual Studio 2015\Projects\CodingInterview" machine-name="ULAK" user="Rojan" user-domain="ULAK" />
  <culture-info current-culture="en-US" current-uiculture="en-US" />
  <test-suite type="Assembly" name="C:\Users\Rojan\Documents\Visual Studio 2015\Projects\CodingInterview\OutDir\FizzBuzzUnitTest.dll" executed="True" result="Success" success="True" time="0.094" asserts="0">
    <results>
      <test-suite type="Namespace" name="FizzBuzzUnitTest" executed="True" result="Success" success="True" time="0.087" asserts="0">
        <results>
          <test-suite type="TestFixture" name="FizzBuzzTest" executed="True" result="Success" success="True" time="0.086" asserts="0">
            <results>
              <test-case name="FizzBuzzUnitTest.FizzBuzzTest.Should_not_return_empty_response" executed="True" result="Success" success="True" time="0.059" asserts="1" />
              <test-case name="FizzBuzzUnitTest.FizzBuzzTest.Shouldbe_able_to_write_to_fileStream" executed="True" result="Success" success="True" time="0.002" asserts="1" />
              <test-suite type="ParameterizedTest" name="When_you_divide_by_2_need_to_return_odd" executed="True" result="Success" success="True" time="0.006" asserts="0">
                <results>
                  <test-case name="FizzBuzzUnitTest.FizzBuzzTest.When_you_divide_by_2_need_to_return_odd(8,&quot;Even&quot;)" executed="True" result="Success" success="True" time="0.005" asserts="1" />
                  <test-case name="FizzBuzzUnitTest.FizzBuzzTest.When_you_divide_by_2_need_to_return_odd(7,&quot;7&quot;)" executed="True" result="Success" success="True" time="0.000" asserts="1" />
                </results>
              </test-suite>
              <test-suite type="ParameterizedTest" name="When_you_divide_by_3_or_5_need_to_return_fizz_or_buzz" executed="True" result="Success" success="True" time="0.006" asserts="0">
                <results>
                  <test-case name="FizzBuzzUnitTest.FizzBuzzTest.When_you_divide_by_3_or_5_need_to_return_fizz_or_buzz(15,&quot;FizzBuzz&quot;)" executed="True" result="Success" success="True" time="0.000" asserts="1" />
                  <test-case name="FizzBuzzUnitTest.FizzBuzzTest.When_you_divide_by_3_or_5_need_to_return_fizz_or_buzz(3,&quot;Fizz&quot;)" executed="True" result="Success" success="True" time="0.000" asserts="1" />
                  <test-case name="FizzBuzzUnitTest.FizzBuzzTest.When_you_divide_by_3_or_5_need_to_return_fizz_or_buzz(5,&quot;Buzz&quot;)" executed="True" result="Success" success="True" time="0.000" asserts="1" />
                  <test-case name="FizzBuzzUnitTest.FizzBuzzTest.When_you_divide_by_3_or_5_need_to_return_fizz_or_buzz(8,&quot;8&quot;)" executed="True" result="Success" success="True" time="0.000" asserts="1" />
                  <test-case name="FizzBuzzUnitTest.FizzBuzzTest.When_you_divide_by_3_or_5_need_to_return_fizz_or_buzz(-100,&quot;Buzz&quot;)" executed="True" result="Success" success="True" time="0.000" asserts="1" />
                </results>
              </test-suite>
            </results>
          </test-suite>
        </results>
      </test-suite>
    </results>
  </test-suite>
</test-results>